-------------------------------------------------------------------------------
Test set: com.andre.adidas.codechallenge.AdidasCodeChallengeApplicationTests
-------------------------------------------------------------------------------
Tests run: 1, Failures: 0, Errors: 1, Skipped: 0, Time elapsed: 0.66 s <<< FAILURE! - in com.andre.adidas.codechallenge.AdidasCodeChallengeApplicationTests
initializationError(com.andre.adidas.codechallenge.AdidasCodeChallengeApplicationTests)  Time elapsed: 0.005 s  <<< ERROR!
java.lang.IllegalStateException: Unable to find a @SpringBootConfiguration, you need to use @ContextConfiguration or @SpringBootTest(classes=...) with your test

